0 info it worked if it ends with ok
1 verbose cli [ '/usr/local/bin/node', '/usr/local/bin/npm', 'run', 'serve' ]
2 info using npm@3.10.8
3 info using node@v5.2.0
4 verbose run-script [ 'preserve', 'serve', 'postserve' ]
5 info lifecycle cerebral-website@1.0.0~preserve: cerebral-website@1.0.0
6 silly lifecycle cerebral-website@1.0.0~preserve: no script for preserve, continuing
7 info lifecycle cerebral-website@1.0.0~serve: cerebral-website@1.0.0
8 verbose lifecycle cerebral-website@1.0.0~serve: unsafe-perm in lifecycle true
9 verbose lifecycle cerebral-website@1.0.0~serve: PATH: /usr/local/lib/node_modules/npm/bin/node-gyp-bin:/Users/christianalfoni/Development/cerebral-website/node_modules/.bin:/usr/local/go/bin:/usr/local/bin:/usr/bin:/bin:/usr/sbin:/sbin
10 verbose lifecycle cerebral-website@1.0.0~serve: CWD: /Users/christianalfoni/Development/cerebral-website
11 silly lifecycle cerebral-website@1.0.0~serve: Args: [ '-c', 'mark serve' ]
12 silly lifecycle cerebral-website@1.0.0~serve: Returned: code: 1  signal: null
13 info lifecycle cerebral-website@1.0.0~serve: Failed to exec serve script
14 verbose stack Error: cerebral-website@1.0.0 serve: `mark serve`
14 verbose stack Exit status 1
14 verbose stack     at EventEmitter.<anonymous> (/usr/local/lib/node_modules/npm/lib/utils/lifecycle.js:255:16)
14 verbose stack     at emitTwo (events.js:88:13)
14 verbose stack     at EventEmitter.emit (events.js:173:7)
14 verbose stack     at ChildProcess.<anonymous> (/usr/local/lib/node_modules/npm/lib/utils/spawn.js:40:14)
14 verbose stack     at emitTwo (events.js:88:13)
14 verbose stack     at ChildProcess.emit (events.js:173:7)
14 verbose stack     at maybeClose (internal/child_process.js:819:16)
14 verbose stack     at Process.ChildProcess._handle.onexit (internal/child_process.js:212:5)
15 verbose pkgid cerebral-website@1.0.0
16 verbose cwd /Users/christianalfoni/Development/cerebral-website
17 error Darwin 16.0.0
18 error argv "/usr/local/bin/node" "/usr/local/bin/npm" "run" "serve"
19 error node v5.2.0
20 error npm  v3.10.8
21 error code ELIFECYCLE
22 error cerebral-website@1.0.0 serve: `mark serve`
22 error Exit status 1
23 error Failed at the cerebral-website@1.0.0 serve script 'mark serve'.
23 error Make sure you have the latest version of node.js and npm installed.
23 error If you do, this is most likely a problem with the cerebral-website package,
23 error not with npm itself.
23 error Tell the author that this fails on your system:
23 error     mark serve
23 error You can get information on how to open an issue for this project with:
23 error     npm bugs cerebral-website
23 error Or if that isn't available, you can get their info via:
23 error     npm owner ls cerebral-website
23 error There is likely additional logging output above.
24 verbose exit [ 1, true ]
