0 info it worked if it ends with ok
1 verbose cli [ '/usr/local/bin/node',
1 verbose cli   '/usr/local/bin/npm',
1 verbose cli   'owner',
1 verbose cli   'add',
1 verbose cli   'guria' ]
2 info using npm@3.3.12
3 info using node@v5.2.0
4 verbose stack Error: ENOENT: no such file or directory, open '/Users/christianalfoni/Development/cerebral-chrome-extension/package.json'
4 verbose stack     at Error (native)
5 verbose cwd /Users/christianalfoni/Development/cerebral-chrome-extension
6 error Darwin 15.0.0
7 error argv "/usr/local/bin/node" "/usr/local/bin/npm" "owner" "add" "guria"
8 error node v5.2.0
9 error npm  v3.3.12
10 error path /Users/christianalfoni/Development/cerebral-chrome-extension/package.json
11 error code ENOENT
12 error errno -2
13 error syscall open
14 error enoent ENOENT: no such file or directory, open '/Users/christianalfoni/Development/cerebral-chrome-extension/package.json'
14 error enoent This is most likely not a problem with npm itself
14 error enoent and is related to npm not being able to find a file.
15 verbose exit [ -2, true ]
